<?xml version="1.0" encoding="UTF-8"?>
<testsuite xmlns:xsi="http://www.w3.org/2001/XMLSchema-instance" xsi:noNamespaceSchemaLocation="https://maven.apache.org/surefire/maven-surefire-plugin/xsd/surefire-test-report-3.0.xsd" version="3.0" name="StressTest" time="0.221" tests="36" errors="0" skipped="0" failures="0">
  <properties>
[...]
</properties>
  <testcase name="memAppenderWithArrayListTest[0]" classname="StressTest" time="0.009"/>
  <testcase name="consoleAppenderTest[0]" classname="StressTest" time="0.041">
    <system-out><![CDATA[main---StressTest---debugmain---StressTest---debugmain---StressTest---debugmain---StressTest---debugmain---StressTest---debugmain---StressTest---debugmain---StressTest---debugmain---StressTest---debugmain---StressTest---debugmain---StressTest---debugmain---StressTest---debugmain---StressTest---debugmain---StressTest---debugmain---StressTest---debugmain---StressTest---debugmain---StressTest---debugmain---StressTest---debugmain---StressTest---debugmain---StressTest---debugmain---StressTest---debugmain---StressTest---debugmain---StressTest---debugmain---StressTest---debugmain---StressTest---debugmain---StressTest---debugmain---StressTest---debugmain---StressTest---debugmain---StressTest---debugmain---StressTest---debugmain---StressTest---debugmain---StressTest---debugmain---StressTest---debugmain---StressTest---debugmain---StressTest---debugmain---StressTest---debugmain---StressTest---debugmain---StressTest---debugmain---StressTest---debugmain---StressTest---debugmain---StressTest---debugmain---StressTest---debugmain---StressTest---debugmain---StressTest---debugmain---StressTest---debugmain---StressTest---debugmain---StressTest---debugmain---StressTest---debugmain---StressTest---debugmain---StressTest---debugmain---StressTest---debugmain---StressTest---debugmain---StressTest---debugmain---StressTest---debugmain---StressTest---debugmain---StressTest---debugmain---StressTest---debugmain---StressTest---debugmain---StressTest---debugmain---StressTest---debugmain---StressTest---debugmain---StressTest---debugmain---StressTest---debugmain---StressTest---debugmain---StressTest---debugmain---StressTest---debugmain---StressTest---debugmain---StressTest---debugmain---StressTest---debugmain---StressTest---debugmain---StressTest---debugmain---StressTest---debugmain---StressTest---debugmain---StressTest---debugmain---StressTest---debugmain---StressTest---debugmain---StressTest---debugmain---StressTest---debugmain---StressTest---debugmain---StressTest---debugmain---StressTest---debugmain---StressTest---debugmain---StressTest---debugmain---StressTest---debugmain---StressTest---debugmain---StressTest---debugmain---StressTest---debugmain---StressTest---debugmain---StressTest---debugmain---StressTest---debugmain---StressTest---debugmain---StressTest---debugmain---StressTest---debugmain---StressTest---debugmain---StressTest---debugmain---StressTest---debugmain---StressTest---debugmain---StressTest---debugmain---StressTest---debugmain---StressTest---debugmain---StressTest---debugmain---StressTest---debugmain---StressTest---debugmain---StressTest---debugmain---StressTest---debugmain---StressTest---debugmain---StressTest---debugmain---StressTest---debugmain---StressTest---debugmain---StressTest---debugmain---StressTest---debugmain---StressTest---debugmain---StressTest---debugmain---StressTest---debugmain---StressTest---debugmain---StressTest---debugmain---StressTest---debugmain---StressTest---debugmain---StressTest---debugmain---StressTest---debugmain---StressTest---debugmain---StressTest---debugmain---StressTest---debugmain---StressTest---debugmain---StressTest---debugmain---StressTest---debugmain---StressTest---debugmain---StressTest---debugmain---StressTest---debugmain---StressTest---debugmain---StressTest---debugmain---StressTest---debugmain---StressTest---debugmain---StressTest---debugmain---StressTest---debugmain---StressTest---debugmain---StressTest---debugmain---StressTest---debugmain---StressTest---debugmain---StressTest---debugmain---StressTest---debugmain---StressTest---debugmain---StressTest---debugmain---StressTest---debugmain---StressTest---debugmain---StressTest---debugmain---StressTest---debugmain---StressTest---debugmain---StressTest---debugmain---StressTest---debugmain---StressTest---debugmain---StressTest---debugmain---StressTest---debugmain---StressTest---debugmain---StressTest---debugmain---StressTest---debugmain---StressTest---debugmain---StressTest---debugmain---StressTest---debugmain---StressTest---debugmain---StressTest---debugmain---StressTest---debugmain---StressTest---debugmain---StressTest---debugmain---StressTest---debugmain---StressTest---debugmain---StressTest---debugmain---StressTest---debugmain---StressTest---debugmain---StressTest---debugmain---StressTest---debugmain---StressTest---debugmain---StressTest---debugmain---StressTest---debugmain---StressTest---debugmain---StressTest---debugmain---StressTest---debugmain---StressTest---debugmain---StressTest---debugmain---StressTest---debugmain---StressTest---debugmain---StressTest---debugmain---StressTest---debugmain---StressTest---debugmain---StressTest---debugmain---StressTest---debugmain---StressTest---debugmain---StressTest---debugmain---StressTest---debugmain---StressTest---debugmain---StressTest---debugmain---StressTest---debugmain---StressTest---debugmain---StressTest---debugmain---StressTest---debugmain---StressTest---debugmain---StressTest---debugmain---StressTest---debugmain---StressTest---debugmain---StressTest---debugmain---StressTest---debugmain---StressTest---debugmain---StressTest---debugmain---StressTest---debugmain---StressTest---debugmain---StressTest---debugmain---StressTest---debugmain---StressTest---debugmain---StressTest---debugmain---StressTest---debugmain---StressTest---debugmain---StressTest---debugmain---StressTest---debugmain---StressTest---debugmain---StressTest---debugmain---StressTest---debugmain---StressTest---debugmain---StressTest---debugmain---StressTest---debugmain---StressTest---debugmain---StressTest---debugmain---StressTest---debugmain---StressTest---debugmain---StressTest---debugmain---StressTest---debugmain---StressTest---debugmain---StressTest---debugmain---StressTest---debugmain---StressTest---debugmain---StressTest---debugmain---StressTest---debugmain---StressTest---debugmain---StressTest---debugmain---StressTest---debugmain---StressTest---debugmain---StressTest---debugmain---StressTest---debugmain---StressTest---debugmain---StressTest---debugmain---StressTest---debugmain---StressTest---debugmain---StressTest---debugmain---StressTest---debugmain---StressTest---debugmain---StressTest---debugmain---StressTest---debugmain---StressTest---debugmain---StressTest---debugmain---StressTest---debugmain---StressTest---debugmain---StressTest---debugmain---StressTest---debugmain---StressTest---debugmain---StressTest---debugmain---StressTest---debugmain---StressTest---debugmain---StressTest---debugmain---StressTest---debugmain---StressTest---debugmain---StressTest---debugmain---StressTest---debugmain---StressTest---debugmain---StressTest---debugmain---StressTest---debugmain---StressTest---debugmain---StressTest---debugmain---StressTest---debugmain---StressTest---debugmain---StressTest---debugmain---StressTest---debugmain---StressTest---debugmain---StressTest---debugmain---StressTest---debugmain---StressTest---debugmain---StressTest---debugmain---StressTest---debugmain---StressTest---debugmain---StressTest---debugmain---StressTest---debugmain---StressTest---debugmain---StressTest---debugmain---StressTest---debugmain---StressTest---debugmain---StressTest---debugmain---StressTest---debugmain---StressTest---debugmain---StressTest---debugmain---StressTest---debugmain---StressTest---debugmain---StressTest---debugmain---StressTest---debugmain---StressTest---debugmain---StressTest---debugmain---StressTest---debugmain---StressTest---debugmain---StressTest---debugmain---StressTest---debugmain---StressTest---debugmain---StressTest---debugmain---StressTest---debugmain---StressTest---debugmain---StressTest---debugmain---StressTest---debugmain---StressTest---debugmain---StressTest---debugmain---StressTest---debugmain---StressTest---debugmain---StressTest---debugmain---StressTest---debugmain---StressTest---debugmain---StressTest---debugmain---StressTest---debugmain---StressTest---debugmain---StressTest---debugmain---StressTest---debugmain---StressTest---debugmain---StressTest---debugmain---StressTest---debugmain---StressTest---debugmain---StressTest---debugmain---StressTest---debugmain---StressTest---debugmain---StressTest---debugmain---StressTest---debugmain---StressTest---debugmain---StressTest---debugmain---StressTest---debugmain---StressTest---debugmain---StressTest---debugmain---StressTest---debugmain---StressTest---debugmain---StressTest---debugmain---StressTest---debugmain---StressTest---debugmain---StressTest---debugmain---StressTest---debugmain---StressTest---debugmain---StressTest---debugmain---StressTest---debugmain---StressTest---debugmain---StressTest---debugmain---StressTest---debugmain---StressTest---debugmain---StressTest---debugmain---StressTest---debugmain---StressTest---debugmain---StressTest---debugmain---StressTest---debugmain---StressTest---debugmain---StressTest---debugmain---StressTest---debugmain---StressTest---debugmain---StressTest---debugmain---StressTest---debugmain---StressTest---debugmain---StressTest---debugmain---StressTest---debugmain---StressTest---debugmain---StressTest---debugmain---StressTest---debugmain---StressTest---debugmain---StressTest---debugmain---StressTest---debugmain---StressTest---debugmain---StressTest---debugmain---StressTest---debugmain---StressTest---debugmain---StressTest---debugmain---StressTest---debugmain---StressTest---debugmain---StressTest---debugmain---StressTest---debugmain---StressTest---debugmain---StressTest---debugmain---StressTest---debugmain---StressTest---debugmain---StressTest---debugmain---StressTest---debugmain---StressTest---debugmain---StressTest---debugmain---StressTest---debugmain---StressTest---debugmain---StressTest---debugmain---StressTest---debugmain---StressTest---debugmain---StressTest---debugmain---StressTest---debugmain---StressTest---debugmain---StressTest---debugmain---StressTest---debugmain---StressTest---debugmain---StressTest---debugmain---StressTest---debugmain---StressTest---debugmain---StressTest---debugmain---StressTest---debugmain---StressTest---debugmain---StressTest---debugmain---StressTest---debugmain---StressTest---debugmain---StressTest---debugmain---StressTest---debugmain---StressTest---debugmain---StressTest---debugmain---StressTest---debugmain---StressTest---debugmain---StressTest---debugmain---StressTest---debugmain---StressTest---debugmain---StressTest---debugmain---StressTest---debugmain---StressTest---debugmain---StressTest---debugmain---StressTest---debugmain---StressTest---debugmain---StressTest---debugmain---StressTest---debugmain---StressTest---debugmain---StressTest---debugmain---StressTest---debugmain---StressTest---debugmain---StressTest---debugmain---StressTest---debugmain---StressTest---debugmain---StressTest---debugmain---StressTest---debugmain---StressTest---debugmain---StressTest---debugmain---StressTest---debugmain---StressTest---debugmain---StressTest---debugmain---StressTest---debugmain---StressTest---debugmain---StressTest---debugmain---StressTest---debugmain---StressTest---debugmain---StressTest---debugmain---StressTest---debugmain---StressTest---debugmain---StressTest---debugmain---StressTest---debugmain---StressTest---debugmain---StressTest---debugmain---StressTest---debugmain---StressTest---debugmain---StressTest---debugmain---StressTest---debugmain---StressTest---debugmain---StressTest---debugmain---StressTest---debugmain---StressTest---debugmain---StressTest---debugmain---StressTest---debugmain---StressTest---debugmain---StressTest---debugmain---StressTest---debugmain---StressTest---debugmain---StressTest---debugmain---StressTest---debugmain---StressTest---debugmain---StressTest---debugmain---StressTest---debugmain---StressTest---debugmain---StressTest---debugmain---StressTest---debugmain---StressTest---debugmain---StressTest---debugmain---StressTest---debugmain---StressTest---debugmain---StressTest---debugmain---StressTest---debugmain---StressTest---debugmain---StressTest---debugmain---StressTest---debugmain---StressTest---debugmain---StressTest---debugmain---StressTest---debugmain---StressTest---debugmain---StressTest---debugmain---StressTest---debugmain---StressTest---debugmain---StressTest---debugmain---StressTest---debugmain---StressTest---debugmain---StressTest---debugmain---StressTest---debugmain---StressTest---debugmain---StressTest---debugmain---StressTest---debugmain---StressTest---debugmain---StressTest---debugmain---StressTest---debugmain---StressTest---debugmain---StressTest---debugmain---StressTest---debugmain---StressTest---debugmain---StressTest---debugmain---StressTest---debugmain---StressTest---debugmain---StressTest---debugmain---StressTest---debugmain---StressTest---debugmain---StressTest---debugmain---StressTest---debugmain---StressTest---debugmain---StressTest---debugmain---StressTest---debugmain---StressTest---debugmain---StressTest---debugmain---StressTest---debugmain---StressTest---debugmain---StressTest---debugmain---StressTest---debugmain---StressTest---debugmain---StressTest---debugmain---StressTest---debugmain---StressTest---debugmain---StressTest---debugmain---StressTest---debugmain---StressTest---debugmain---StressTest---debugmain---StressTest---debugmain---StressTest---debugmain---StressTest---debugmain---StressTest---debugmain---StressTest---debugmain---StressTest---debugmain---StressTest---debugmain---StressTest---debugmain---StressTest---debugmain---StressTest---debugmain---StressTest---debugmain---StressTest---debugmain---StressTest---debugmain---StressTest---debugmain---StressTest---debugmain---StressTest---debugmain---StressTest---debugmain---StressTest---debugmain---StressTest---debugmain---StressTest---debugmain---StressTest---debugmain---StressTest---debugmain---StressTest---debugmain---StressTest---debugmain---StressTest---debugmain---StressTest---debugmain---StressTest---debugmain---StressTest---debugmain---StressTest---debugmain---StressTest---debugmain---StressTest---debugmain---StressTest---debugmain---StressTest---debugmain---StressTest---debugmain---StressTest---debugmain---StressTest---debugmain---StressTest---debugmain---StressTest---debugmain---StressTest---debugmain---StressTest---debugmain---StressTest---debugmain---StressTest---debugmain---StressTest---debugmain---StressTest---debugmain---StressTest---debugmain---StressTest---debugmain---StressTest---debugmain---StressTest---debugmain---StressTest---debugmain---StressTest---debugmain---StressTest---debugmain---StressTest---debugmain---StressTest---debugmain---StressTest---debugmain---StressTest---debugmain---StressTest---debugmain---StressTest---debugmain---StressTest---debugmain---StressTest---debugmain---StressTest---debugmain---StressTest---debugmain---StressTest---debugmain---StressTest---debugmain---StressTest---debugmain---StressTest---debugmain---StressTest---debugmain---StressTest---debugmain---StressTest---debugmain---StressTest---debugmain---StressTest---debugmain---StressTest---debugmain---StressTest---debugmain---StressTest---debugmain---StressTest---debugmain---StressTest---debugmain---StressTest---debugmain---StressTest---debugmain---StressTest---debugmain---StressTest---debugmain---StressTest---debugmain---StressTest---debugmain---StressTest---debugmain---StressTest---debugmain---StressTest---debugmain---StressTest---debugmain---StressTest---debugmain---StressTest---debugmain---StressTest---debugmain---StressTest---debugmain---StressTest---debugmain---StressTest---debugmain---StressTest---debugmain---StressTest---debugmain---StressTest---debugmain---StressTest---debugmain---StressTest---debugmain---StressTest---debugmain---StressTest---debugmain---StressTest---debugmain---StressTest---debugmain---StressTest---debugmain---StressTest---debugmain---StressTest---debugmain---StressTest---debugmain---StressTest---debugmain---StressTest---debugmain---StressTest---debugmain---StressTest---debugmain---StressTest---debugmain---StressTest---debugmain---StressTest---debugmain---StressTest---debugmain---StressTest---debugmain---StressTest---debugmain---StressTest---debugmain---StressTest---debugmain---StressTest---debugmain---StressTest---debugmain---StressTest---debugmain---StressTest---debugmain---StressTest---debugmain---StressTest---debugmain---StressTest---debugmain---StressTest---debugmain---StressTest---debugmain---StressTest---debugmain---StressTest---debugmain---StressTest---debugmain---StressTest---debugmain---StressTest---debugmain---StressTest---debugmain---StressTest---debugmain---StressTest---debugmain---StressTest---debugmain---StressTest---debugmain---StressTest---debugmain---StressTest---debugmain---StressTest---debugmain---StressTest---debugmain---StressTest---debugmain---StressTest---debugmain---StressTest---debugmain---StressTest---debugmain---StressTest---debugmain---StressTest---debugmain---StressTest---debugmain---StressTest---debugmain---StressTest---debugmain---StressTest---debugmain---StressTest---debugmain---StressTest---debugmain---StressTest---debugmain---StressTest---debugmain---StressTest---debugmain---StressTest---debugmain---StressTest---debugmain---StressTest---debugmain---StressTest---debugmain---StressTest---debugmain---StressTest---debugmain---StressTest---debugmain---StressTest---debugmain---StressTest---debugmain---StressTest---debugmain---StressTest---debugmain---StressTest---debugmain---StressTest---debugmain---StressTest---debugmain---StressTest---debugmain---StressTest---debugmain---StressTest---debugmain---StressTest---debugmain---StressTest---debugmain---StressTest---debugmain---StressTest---debugmain---StressTest---debugmain---StressTest---debugmain---StressTest---debugmain---StressTest---debugmain---StressTest---debugmain---StressTest---debugmain---StressTest---debugmain---StressTest---debugmain---StressTest---debugmain---StressTest---debugmain---StressTest---debugmain---StressTest---debugmain---StressTest---debugmain---StressTest---debugmain---StressTest---debugmain---StressTest---debugmain---StressTest---debugmain---StressTest---debugmain---StressTest---debugmain---StressTest---debugmain---StressTest---debugmain---StressTest---debugmain---StressTest---debugmain---StressTest---debugmain---StressTest---debugmain---StressTest---debugmain---StressTest---debugmain---StressTest---debugmain---StressTest---debugmain---StressTest---debugmain---StressTest---debugmain---StressTest---debugmain---StressTest---debugmain---StressTest---debugmain---StressTest---debugmain---StressTest---debugmain---StressTest---debugmain---StressTest---debugmain---StressTest---debugmain---StressTest---debugmain---StressTest---debugmain---StressTest---debugmain---StressTest---debugmain---StressTest---debugmain---StressTest---debugmain---StressTest---debugmain---StressTest---debugmain---StressTest---debugmain---StressTest---debugmain---StressTest---debugmain---StressTest---debugmain---StressTest---debugmain---StressTest---debugmain---StressTest---debugmain---StressTest---debugmain---StressTest---debugmain---StressTest---debugmain---StressTest---debugmain---StressTest---debugmain---StressTest---debugmain---StressTest---debugmain---StressTest---debugmain---StressTest---debugmain---StressTest---debugmain---StressTest---debugmain---StressTest---debugmain---StressTest---debugmain---StressTest---debugmain---StressTest---debugmain---StressTest---debugmain---StressTest---debugmain---StressTest---debugmain---StressTest---debugmain---StressTest---debugmain---StressTest---debugmain---StressTest---debugmain---StressTest---debugmain---StressTest---debugmain---StressTest---debugmain---StressTest---debugmain---StressTest---debugmain---StressTest---debugmain---StressTest---debugmain---StressTest---debugmain---StressTest---debugmain---StressTest---debugmain---StressTest---debugmain---StressTest---debugmain---StressTest---debugmain---StressTest---debugmain---StressTest---debugmain---StressTest---debugmain---StressTest---debugmain---StressTest---debugmain---StressTest---debugmain---StressTest---debugmain---StressTest---debugmain---StressTest---debugmain---StressTest---debugmain---StressTest---debugmain---StressTest---debugmain---StressTest---debugmain---StressTest---debugmain---StressTest---debugmain---StressTest---debugmain---StressTest---debugmain---StressTest---debugmain---StressTest---debugmain---StressTest---debugmain---StressTest---debugmain---StressTest---debugmain---StressTest---debugmain---StressTest---debugmain---StressTest---debugmain---StressTest---debugmain---StressTest---debugmain---StressTest---debugmain---StressTest---debugmain---StressTest---debugmain---StressTest---debugmain---StressTest---debugmain---StressTest---debugmain---StressTest---debugmain---StressTest---debugmain---StressTest---debugmain---StressTest---debugmain---StressTest---debugmain---StressTest---debugmain---StressTest---debugmain---StressTest---debugmain---StressTest---debugmain---StressTest---debugmain---StressTest---debugmain---StressTest---debugmain---StressTest---debugmain---StressTest---debugmain---StressTest---debugmain---StressTest---debugmain---StressTest---debugmain---StressTest---debugmain---StressTest---debugmain---StressTest---debugmain---StressTest---debugmain---StressTest---debugmain---StressTest---debugmain---StressTest---debugmain---StressTest---debugmain---StressTest---debugmain---StressTest---debugmain---StressTest---debugmain---StressTest---debugmain---StressTest---debugmain---StressTest---debugmain---StressTest---debugmain---StressTest---debugmain---StressTest---debugmain---StressTest---debugmain---StressTest---debugmain---StressTest---debugmain---StressTest---debugmain---StressTest---debugmain---StressTest---debugmain---StressTest---debugmain---StressTest---debugmain---StressTest---debugmain---StressTest---debugmain---StressTest---debugmain---StressTest---debugmain---StressTest---debugmain---StressTest---debugmain---StressTest---debugmain---StressTest---debugmain---StressTest---debugmain---StressTest---debugmain---StressTest---debugmain---StressTest---debugmain---StressTest---debugmain---StressTest---debugmain---StressTest---debugmain---StressTest---debugmain---StressTest---debugmain---StressTest---debugmain---StressTest---debugmain---StressTest---debugmain---StressTest---debugmain---StressTest---debugmain---StressTest---debugmain---StressTest---debugmain---StressTest---debugmain---StressTest---debugmain---StressTest---debugmain---StressTest---debugmain---StressTest---debugmain---StressTest---debugmain---StressTest---debugmain---StressTest---debugmain---StressTest---debugmain---StressTest---debugmain---StressTest---debugmain---StressTest---debugmain---StressTest---debugmain---StressTest---debugmain---StressTest---debugmain---StressTest---debugmain---StressTest---debugmain---StressTest---debugmain---StressTest---debugmain---StressTest---debugmain---StressTest---debugmain---StressTest---debugmain---StressTest---debugmain---StressTest---debugmain---StressTest---debugmain---StressTest---debugmain---StressTest---debugmain---StressTest---debugmain---StressTest---debugmain---StressTest---debugmain---StressTest---debugmain---StressTest---debugmain---StressTest---debugmain---StressTest---debugmain---StressTest---debugmain---StressTest---debugmain---StressTest---debugmain---StressTest---debugmain---StressTest---debugmain---StressTest---debugmain---StressTest---debugmain---StressTest---debugmain---StressTest---debugmain---StressTest---debugmain---StressTest---debugmain---StressTest---debugmain---StressTest---debugmain---StressTest---debugmain---StressTest---debugmain---StressTest---debugmain---StressTest---debugmain---StressTest---debugmain---StressTest---debugmain---StressTest---debugmain---StressTest---debugmain---StressTest---debugmain---StressTest---debugmain---StressTest---debugmain---StressTest---debugmain---StressTest---debugmain---StressTest---debugmain---StressTest---debugmain---StressTest---debugmain---StressTest---debugmain---StressTest---debugmain---StressTest---debugmain---StressTest---debugmain---StressTest---debugmain---StressTest---debugmain---StressTest---debugmain---StressTest---debugmain---StressTest---debugmain---StressTest---debugmain---StressTest---debugmain---StressTest---debugmain---StressTest---debugmain---StressTest---debugmain---StressTest---debugmain---StressTest---debugmain---StressTest---debugmain---StressTest---debugmain---StressTest---debugmain---StressTest---debugmain---StressTest---debugmain---StressTest---debugmain---StressTest---debugmain---StressTest---debugmain---StressTest---debugmain---StressTest---debugmain---StressTest---debugmain---StressTest---debugmain---StressTest---debugmain---StressTest---debugmain---StressTest---debugmain---StressTest---debugmain---StressTest---debugmain---StressTest---debugmain---StressTest---debugmain---StressTest---debugmain---StressTest---debugmain---StressTest---debugmain---StressTest---debugmain---StressTest---debugmain---StressTest---debugmain---StressTest---debugmain---StressTest---debugmain---StressTest---debugmain---StressTest---debugmain---StressTest---debugmain---StressTest---debugmain---StressTest---debugmain---StressTest---debugmain---StressTest---debugmain---StressTest---debugmain---StressTest---debugmain---StressTest---debugmain---StressTest---debug]]></system-out>
  </testcase>
  <testcase name="fileAppenderTest[0]" classname="StressTest" time="0.021"/>
  <testcase name="patternLayoutTest[0]" classname="StressTest" time="0.001"/>
  <testcase name="beforeMaxSizeTest[0]" classname="StressTest" time="0.005"/>
  <testcase name="velocityLayoutTest[0]" classname="StressTest" time="0.003"/>
  <testcase name="memAppenderWithLinkedListTest[0]" classname="StressTest" time="0.003"/>
  <testcase name="afterMaxSizeTest[0]" classname="StressTest" time="0.004"/>
  <testcase name="parameterizedTest[0]" classname="StressTest" time="0.003"/>
  <testcase name="memAppenderWithArrayListTest[1]" classname="StressTest" time="0.002"/>
  <testcase name="consoleAppenderTest[1]" classname="StressTest" time="0.006">
    <system-out><![CDATA[main---StressTest---debugmain---StressTest---debugmain---StressTest---debugmain---StressTest---debugmain---StressTest---debugmain---StressTest---debugmain---StressTest---debugmain---StressTest---debugmain---StressTest---debugmain---StressTest---debugmain---StressTest---debugmain---StressTest---debugmain---StressTest---debugmain---StressTest---debugmain---StressTest---debugmain---StressTest---debugmain---StressTest---debugmain---StressTest---debugmain---StressTest---debugmain---StressTest---debugmain---StressTest---debugmain---StressTest---debugmain---StressTest---debugmain---StressTest---debugmain---StressTest---debugmain---StressTest---debugmain---StressTest---debugmain---StressTest---debugmain---StressTest---debugmain---StressTest---debugmain---StressTest---debugmain---StressTest---debugmain---StressTest---debugmain---StressTest---debugmain---StressTest---debugmain---StressTest---debugmain---StressTest---debugmain---StressTest---debugmain---StressTest---debugmain---StressTest---debugmain---StressTest---debugmain---StressTest---debugmain---StressTest---debugmain---StressTest---debugmain---StressTest---debugmain---StressTest---debugmain---StressTest---debugmain---StressTest---debugmain---StressTest---debugmain---StressTest---debugmain---StressTest---debugmain---StressTest---debugmain---StressTest---debugmain---StressTest---debugmain---StressTest---debugmain---StressTest---debugmain---StressTest---debugmain---StressTest---debugmain---StressTest---debugmain---StressTest---debugmain---StressTest---debugmain---StressTest---debugmain---StressTest---debugmain---StressTest---debugmain---StressTest---debugmain---StressTest---debugmain---StressTest---debugmain---StressTest---debugmain---StressTest---debugmain---StressTest---debugmain---StressTest---debugmain---StressTest---debugmain---StressTest---debugmain---StressTest---debugmain---StressTest---debugmain---StressTest---debugmain---StressTest---debugmain---StressTest---debugmain---StressTest---debugmain---StressTest---debugmain---StressTest---debugmain---StressTest---debugmain---StressTest---debugmain---StressTest---debugmain---StressTest---debugmain---StressTest---debugmain---StressTest---debugmain---StressTest---debugmain---StressTest---debugmain---StressTest---debugmain---StressTest---debugmain---StressTest---debugmain---StressTest---debugmain---StressTest---debugmain---StressTest---debugmain---StressTest---debugmain---StressTest---debugmain---StressTest---debugmain---StressTest---debugmain---StressTest---debugmain---StressTest---debugmain---StressTest---debugmain---StressTest---debugmain---StressTest---debugmain---StressTest---debugmain---StressTest---debugmain---StressTest---debugmain---StressTest---debugmain---StressTest---debugmain---StressTest---debugmain---StressTest---debugmain---StressTest---debugmain---StressTest---debugmain---StressTest---debugmain---StressTest---debugmain---StressTest---debugmain---StressTest---debugmain---StressTest---debugmain---StressTest---debugmain---StressTest---debugmain---StressTest---debugmain---StressTest---debugmain---StressTest---debugmain---StressTest---debugmain---StressTest---debugmain---StressTest---debugmain---StressTest---debugmain---StressTest---debugmain---StressTest---debugmain---StressTest---debugmain---StressTest---debugmain---StressTest---debugmain---StressTest---debugmain---StressTest---debugmain---StressTest---debugmain---StressTest---debugmain---StressTest---debugmain---StressTest---debugmain---StressTest---debugmain---StressTest---debugmain---StressTest---debugmain---StressTest---debugmain---StressTest---debugmain---StressTest---debugmain---StressTest---debugmain---StressTest---debugmain---StressTest---debugmain---StressTest---debugmain---StressTest---debugmain---StressTest---debugmain---StressTest---debugmain---StressTest---debugmain---StressTest---debugmain---StressTest---debugmain---StressTest---debugmain---StressTest---debugmain---StressTest---debugmain---StressTest---debugmain---StressTest---debugmain---StressTest---debugmain---StressTest---debugmain---StressTest---debugmain---StressTest---debugmain---StressTest---debugmain---StressTest---debugmain---StressTest---debugmain---StressTest---debugmain---StressTest---debugmain---StressTest---debugmain---StressTest---debugmain---StressTest---debugmain---StressTest---debugmain---StressTest---debugmain---StressTest---debugmain---StressTest---debugmain---StressTest---debugmain---StressTest---debugmain---StressTest---debugmain---StressTest---debugmain---StressTest---debugmain---StressTest---debugmain---StressTest---debugmain---StressTest---debugmain---StressTest---debugmain---StressTest---debugmain---StressTest---debugmain---StressTest---debugmain---StressTest---debugmain---StressTest---debugmain---StressTest---debugmain---StressTest---debugmain---StressTest---debugmain---StressTest---debugmain---StressTest---debugmain---StressTest---debugmain---StressTest---debugmain---StressTest---debugmain---StressTest---debugmain---StressTest---debugmain---StressTest---debugmain---StressTest---debugmain---StressTest---debugmain---StressTest---debugmain---StressTest---debugmain---StressTest---debugmain---StressTest---debugmain---StressTest---debugmain---StressTest---debugmain---StressTest---debugmain---StressTest---debugmain---StressTest---debugmain---StressTest---debugmain---StressTest---debugmain---StressTest---debugmain---StressTest---debugmain---StressTest---debugmain---StressTest---debugmain---StressTest---debugmain---StressTest---debugmain---StressTest---debugmain---StressTest---debugmain---StressTest---debugmain---StressTest---debugmain---StressTest---debugmain---StressTest---debugmain---StressTest---debugmain---StressTest---debugmain---StressTest---debugmain---StressTest---debugmain---StressTest---debugmain---StressTest---debugmain---StressTest---debugmain---StressTest---debugmain---StressTest---debugmain---StressTest---debugmain---StressTest---debugmain---StressTest---debugmain---StressTest---debugmain---StressTest---debugmain---StressTest---debugmain---StressTest---debugmain---StressTest---debugmain---StressTest---debugmain---StressTest---debugmain---StressTest---debugmain---StressTest---debugmain---StressTest---debugmain---StressTest---debugmain---StressTest---debugmain---StressTest---debugmain---StressTest---debugmain---StressTest---debugmain---StressTest---debugmain---StressTest---debugmain---StressTest---debugmain---StressTest---debugmain---StressTest---debugmain---StressTest---debugmain---StressTest---debugmain---StressTest---debugmain---StressTest---debugmain---StressTest---debugmain---StressTest---debugmain---StressTest---debugmain---StressTest---debugmain---StressTest---debugmain---StressTest---debugmain---StressTest---debugmain---StressTest---debugmain---StressTest---debugmain---StressTest---debugmain---StressTest---debugmain---StressTest---debugmain---StressTest---debugmain---StressTest---debugmain---StressTest---debugmain---StressTest---debugmain---StressTest---debugmain---StressTest---debugmain---StressTest---debugmain---StressTest---debugmain---StressTest---debugmain---StressTest---debugmain---StressTest---debugmain---StressTest---debugmain---StressTest---debugmain---StressTest---debugmain---StressTest---debugmain---StressTest---debugmain---StressTest---debugmain---StressTest---debugmain---StressTest---debugmain---StressTest---debugmain---StressTest---debugmain---StressTest---debugmain---StressTest---debugmain---StressTest---debugmain---StressTest---debugmain---StressTest---debugmain---StressTest---debugmain---StressTest---debugmain---StressTest---debugmain---StressTest---debugmain---StressTest---debugmain---StressTest---debugmain---StressTest---debugmain---StressTest---debugmain---StressTest---debugmain---StressTest---debugmain---StressTest---debugmain---StressTest---debugmain---StressTest---debugmain---StressTest---debugmain---StressTest---debugmain---StressTest---debugmain---StressTest---debugmain---StressTest---debugmain---StressTest---debugmain---StressTest---debugmain---StressTest---debugmain---StressTest---debugmain---StressTest---debugmain---StressTest---debugmain---StressTest---debugmain---StressTest---debugmain---StressTest---debugmain---StressTest---debugmain---StressTest---debugmain---StressTest---debugmain---StressTest---debugmain---StressTest---debugmain---StressTest---debugmain---StressTest---debugmain---StressTest---debugmain---StressTest---debugmain---StressTest---debugmain---StressTest---debugmain---StressTest---debugmain---StressTest---debugmain---StressTest---debugmain---StressTest---debugmain---StressTest---debugmain---StressTest---debugmain---StressTest---debugmain---StressTest---debugmain---StressTest---debugmain---StressTest---debugmain---StressTest---debugmain---StressTest---debugmain---StressTest---debugmain---StressTest---debugmain---StressTest---debugmain---StressTest---debugmain---StressTest---debugmain---StressTest---debugmain---StressTest---debugmain---StressTest---debugmain---StressTest---debugmain---StressTest---debugmain---StressTest---debugmain---StressTest---debugmain---StressTest---debugmain---StressTest---debugmain---StressTest---debugmain---StressTest---debugmain---StressTest---debugmain---StressTest---debugmain---StressTest---debugmain---StressTest---debugmain---StressTest---debugmain---StressTest---debugmain---StressTest---debugmain---StressTest---debugmain---StressTest---debugmain---StressTest---debugmain---StressTest---debugmain---StressTest---debugmain---StressTest---debugmain---StressTest---debugmain---StressTest---debugmain---StressTest---debugmain---StressTest---debugmain---StressTest---debugmain---StressTest---debugmain---StressTest---debugmain---StressTest---debugmain---StressTest---debugmain---StressTest---debugmain---StressTest---debugmain---StressTest---debugmain---StressTest---debugmain---StressTest---debugmain---StressTest---debugmain---StressTest---debugmain---StressTest---debugmain---StressTest---debugmain---StressTest---debugmain---StressTest---debugmain---StressTest---debugmain---StressTest---debugmain---StressTest---debugmain---StressTest---debugmain---StressTest---debugmain---StressTest---debugmain---StressTest---debugmain---StressTest---debugmain---StressTest---debugmain---StressTest---debugmain---StressTest---debugmain---StressTest---debugmain---StressTest---debugmain---StressTest---debugmain---StressTest---debugmain---StressTest---debugmain---StressTest---debugmain---StressTest---debugmain---StressTest---debugmain---StressTest---debugmain---StressTest---debugmain---StressTest---debugmain---StressTest---debugmain---StressTest---debugmain---StressTest---debugmain---StressTest---debugmain---StressTest---debugmain---StressTest---debugmain---StressTest---debugmain---StressTest---debugmain---StressTest---debugmain---StressTest---debugmain---StressTest---debugmain---StressTest---debugmain---StressTest---debugmain---StressTest---debugmain---StressTest---debugmain---StressTest---debugmain---StressTest---debugmain---StressTest---debugmain---StressTest---debugmain---StressTest---debugmain---StressTest---debugmain---StressTest---debugmain---StressTest---debugmain---StressTest---debugmain---StressTest---debugmain---StressTest---debugmain---StressTest---debugmain---StressTest---debugmain---StressTest---debugmain---StressTest---debugmain---StressTest---debugmain---StressTest---debugmain---StressTest---debugmain---StressTest---debugmain---StressTest---debugmain---StressTest---debugmain---StressTest---debugmain---StressTest---debugmain---StressTest---debugmain---StressTest---debugmain---StressTest---debugmain---StressTest---debugmain---StressTest---debugmain---StressTest---debugmain---StressTest---debugmain---StressTest---debugmain---StressTest---debugmain---StressTest---debugmain---StressTest---debugmain---StressTest---debugmain---StressTest---debugmain---StressTest---debugmain---StressTest---debugmain---StressTest---debugmain---StressTest---debugmain---StressTest---debugmain---StressTest---debugmain---StressTest---debugmain---StressTest---debugmain---StressTest---debugmain---StressTest---debugmain---StressTest---debugmain---StressTest---debugmain---StressTest---debugmain---StressTest---debugmain---StressTest---debugmain---StressTest---debugmain---StressTest---debugmain---StressTest---debugmain---StressTest---debugmain---StressTest---debugmain---StressTest---debugmain---StressTest---debugmain---StressTest---debugmain---StressTest---debugmain---StressTest---debugmain---StressTest---debugmain---StressTest---debugmain---StressTest---debugmain---StressTest---debugmain---StressTest---debugmain---StressTest---debugmain---StressTest---debugmain---StressTest---debugmain---StressTest---debugmain---StressTest---debugmain---StressTest---debugmain---StressTest---debugmain---StressTest---debugmain---StressTest---debugmain---StressTest---debugmain---StressTest---debugmain---StressTest---debugmain---StressTest---debugmain---StressTest---debugmain---StressTest---debugmain---StressTest---debugmain---StressTest---debugmain---StressTest---debugmain---StressTest---debugmain---StressTest---debugmain---StressTest---debugmain---StressTest---debugmain---StressTest---debugmain---StressTest---debugmain---StressTest---debugmain---StressTest---debugmain---StressTest---debugmain---StressTest---debugmain---StressTest---debugmain---StressTest---debugmain---StressTest---debugmain---StressTest---debugmain---StressTest---debugmain---StressTest---debugmain---StressTest---debugmain---StressTest---debugmain---StressTest---debugmain---StressTest---debugmain---StressTest---debugmain---StressTest---debugmain---StressTest---debugmain---StressTest---debugmain---StressTest---debugmain---StressTest---debugmain---StressTest---debugmain---StressTest---debugmain---StressTest---debugmain---StressTest---debugmain---StressTest---debugmain---StressTest---debugmain---StressTest---debugmain---StressTest---debugmain---StressTest---debugmain---StressTest---debugmain---StressTest---debugmain---StressTest---debugmain---StressTest---debugmain---StressTest---debugmain---StressTest---debugmain---StressTest---debugmain---StressTest---debugmain---StressTest---debugmain---StressTest---debugmain---StressTest---debugmain---StressTest---debugmain---StressTest---debugmain---StressTest---debugmain---StressTest---debugmain---StressTest---debugmain---StressTest---debugmain---StressTest---debugmain---StressTest---debugmain---StressTest---debugmain---StressTest---debugmain---StressTest---debugmain---StressTest---debugmain---StressTest---debugmain---StressTest---debugmain---StressTest---debugmain---StressTest---debugmain---StressTest---debugmain---StressTest---debugmain---StressTest---debugmain---StressTest---debugmain---StressTest---debugmain---StressTest---debugmain---StressTest---debugmain---StressTest---debugmain---StressTest---debugmain---StressTest---debugmain---StressTest---debugmain---StressTest---debugmain---StressTest---debugmain---StressTest---debugmain---StressTest---debugmain---StressTest---debugmain---StressTest---debugmain---StressTest---debugmain---StressTest---debugmain---StressTest---debugmain---StressTest---debugmain---StressTest---debugmain---StressTest---debugmain---StressTest---debugmain---StressTest---debugmain---StressTest---debugmain---StressTest---debugmain---StressTest---debugmain---StressTest---debugmain---StressTest---debugmain---StressTest---debugmain---StressTest---debugmain---StressTest---debugmain---StressTest---debugmain---StressTest---debugmain---StressTest---debugmain---StressTest---debugmain---StressTest---debugmain---StressTest---debugmain---StressTest---debugmain---StressTest---debugmain---StressTest---debugmain---StressTest---debugmain---StressTest---debugmain---StressTest---debugmain---StressTest---debugmain---StressTest---debugmain---StressTest---debugmain---StressTest---debugmain---StressTest---debugmain---StressTest---debugmain---StressTest---debugmain---StressTest---debugmain---StressTest---debugmain---StressTest---debugmain---StressTest---debugmain---StressTest---debugmain---StressTest---debugmain---StressTest---debugmain---StressTest---debugmain---StressTest---debugmain---StressTest---debugmain---StressTest---debugmain---StressTest---debugmain---StressTest---debugmain---StressTest---debugmain---StressTest---debugmain---StressTest---debugmain---StressTest---debugmain---StressTest---debugmain---StressTest---debugmain---StressTest---debugmain---StressTest---debugmain---StressTest---debugmain---StressTest---debugmain---StressTest---debugmain---StressTest---debugmain---StressTest---debugmain---StressTest---debugmain---StressTest---debugmain---StressTest---debugmain---StressTest---debugmain---StressTest---debugmain---StressTest---debugmain---StressTest---debugmain---StressTest---debugmain---StressTest---debugmain---StressTest---debugmain---StressTest---debugmain---StressTest---debugmain---StressTest---debugmain---StressTest---debugmain---StressTest---debugmain---StressTest---debugmain---StressTest---debugmain---StressTest---debugmain---StressTest---debugmain---StressTest---debugmain---StressTest---debugmain---StressTest---debugmain---StressTest---debugmain---StressTest---debugmain---StressTest---debugmain---StressTest---debugmain---StressTest---debugmain---StressTest---debugmain---StressTest---debugmain---StressTest---debugmain---StressTest---debugmain---StressTest---debugmain---StressTest---debugmain---StressTest---debugmain---StressTest---debugmain---StressTest---debugmain---StressTest---debugmain---StressTest---debugmain---StressTest---debugmain---StressTest---debugmain---StressTest---debugmain---StressTest---debugmain---StressTest---debugmain---StressTest---debugmain---StressTest---debugmain---StressTest---debugmain---StressTest---debugmain---StressTest---debugmain---StressTest---debugmain---StressTest---debugmain---StressTest---debugmain---StressTest---debugmain---StressTest---debugmain---StressTest---debugmain---StressTest---debugmain---StressTest---debugmain---StressTest---debugmain---StressTest---debugmain---StressTest---debugmain---StressTest---debugmain---StressTest---debugmain---StressTest---debugmain---StressTest---debugmain---StressTest---debugmain---StressTest---debugmain---StressTest---debugmain---StressTest---debugmain---StressTest---debugmain---StressTest---debugmain---StressTest---debugmain---StressTest---debugmain---StressTest---debugmain---StressTest---debugmain---StressTest---debugmain---StressTest---debugmain---StressTest---debugmain---StressTest---debugmain---StressTest---debugmain---StressTest---debugmain---StressTest---debugmain---StressTest---debugmain---StressTest---debugmain---StressTest---debugmain---StressTest---debugmain---StressTest---debugmain---StressTest---debugmain---StressTest---debugmain---StressTest---debugmain---StressTest---debugmain---StressTest---debugmain---StressTest---debugmain---StressTest---debugmain---StressTest---debugmain---StressTest---debugmain---StressTest---debugmain---StressTest---debugmain---StressTest---debugmain---StressTest---debugmain---StressTest---debugmain---StressTest---debugmain---StressTest---debugmain---StressTest---debugmain---StressTest---debugmain---StressTest---debugmain---StressTest---debugmain---StressTest---debugmain---StressTest---debugmain---StressTest---debugmain---StressTest---debugmain---StressTest---debugmain---StressTest---debugmain---StressTest---debugmain---StressTest---debugmain---StressTest---debugmain---StressTest---debugmain---StressTest---debugmain---StressTest---debugmain---StressTest---debugmain---StressTest---debugmain---StressTest---debugmain---StressTest---debugmain---StressTest---debugmain---StressTest---debugmain---StressTest---debugmain---StressTest---debugmain---StressTest---debugmain---StressTest---debugmain---StressTest---debugmain---StressTest---debugmain---StressTest---debugmain---StressTest---debugmain---StressTest---debugmain---StressTest---debugmain---StressTest---debugmain---StressTest---debugmain---StressTest---debugmain---StressTest---debugmain---StressTest---debugmain---StressTest---debugmain---StressTest---debugmain---StressTest---debugmain---StressTest---debugmain---StressTest---debugmain---StressTest---debugmain---StressTest---debugmain---StressTest---debugmain---StressTest---debugmain---StressTest---debugmain---StressTest---debugmain---StressTest---debugmain---StressTest---debugmain---StressTest---debugmain---StressTest---debugmain---StressTest---debugmain---StressTest---debugmain---StressTest---debugmain---StressTest---debugmain---StressTest---debugmain---StressTest---debugmain---StressTest---debugmain---StressTest---debugmain---StressTest---debugmain---StressTest---debugmain---StressTest---debugmain---StressTest---debugmain---StressTest---debugmain---StressTest---debugmain---StressTest---debugmain---StressTest---debugmain---StressTest---debugmain---StressTest---debugmain---StressTest---debugmain---StressTest---debugmain---StressTest---debugmain---StressTest---debugmain---StressTest---debugmain---StressTest---debugmain---StressTest---debugmain---StressTest---debugmain---StressTest---debugmain---StressTest---debugmain---StressTest---debugmain---StressTest---debugmain---StressTest---debugmain---StressTest---debugmain---StressTest---debugmain---StressTest---debugmain---StressTest---debugmain---StressTest---debugmain---StressTest---debugmain---StressTest---debugmain---StressTest---debugmain---StressTest---debugmain---StressTest---debugmain---StressTest---debugmain---StressTest---debugmain---StressTest---debugmain---StressTest---debugmain---StressTest---debugmain---StressTest---debugmain---StressTest---debugmain---StressTest---debugmain---StressTest---debugmain---StressTest---debugmain---StressTest---debugmain---StressTest---debugmain---StressTest---debugmain---StressTest---debugmain---StressTest---debugmain---StressTest---debugmain---StressTest---debugmain---StressTest---debugmain---StressTest---debugmain---StressTest---debugmain---StressTest---debugmain---StressTest---debugmain---StressTest---debugmain---StressTest---debugmain---StressTest---debugmain---StressTest---debugmain---StressTest---debugmain---StressTest---debugmain---StressTest---debugmain---StressTest---debugmain---StressTest---debugmain---StressTest---debugmain---StressTest---debugmain---StressTest---debugmain---StressTest---debugmain---StressTest---debugmain---StressTest---debugmain---StressTest---debugmain---StressTest---debugmain---StressTest---debugmain---StressTest---debugmain---StressTest---debugmain---StressTest---debugmain---StressTest---debugmain---StressTest---debugmain---StressTest---debugmain---StressTest---debugmain---StressTest---debugmain---StressTest---debugmain---StressTest---debugmain---StressTest---debugmain---StressTest---debugmain---StressTest---debugmain---StressTest---debugmain---StressTest---debugmain---StressTest---debugmain---StressTest---debugmain---StressTest---debugmain---StressTest---debugmain---StressTest---debugmain---StressTest---debugmain---StressTest---debugmain---StressTest---debugmain---StressTest---debugmain---StressTest---debugmain---StressTest---debugmain---StressTest---debugmain---StressTest---debugmain---StressTest---debugmain---StressTest---debugmain---StressTest---debugmain---StressTest---debugmain---StressTest---debugmain---StressTest---debugmain---StressTest---debugmain---StressTest---debugmain---StressTest---debugmain---StressTest---debugmain---StressTest---debugmain---StressTest---debugmain---StressTest---debugmain---StressTest---debugmain---StressTest---debugmain---StressTest---debugmain---StressTest---debugmain---StressTest---debugmain---StressTest---debugmain---StressTest---debugmain---StressTest---debugmain---StressTest---debugmain---StressTest---debugmain---StressTest---debugmain---StressTest---debugmain---StressTest---debugmain---StressTest---debugmain---StressTest---debugmain---StressTest---debugmain---StressTest---debugmain---StressTest---debugmain---StressTest---debugmain---StressTest---debugmain---StressTest---debugmain---StressTest---debugmain---StressTest---debugmain---StressTest---debugmain---StressTest---debugmain---StressTest---debugmain---StressTest---debugmain---StressTest---debugmain---StressTest---debugmain---StressTest---debugmain---StressTest---debugmain---StressTest---debugmain---StressTest---debugmain---StressTest---debugmain---StressTest---debugmain---StressTest---debugmain---StressTest---debugmain---StressTest---debugmain---StressTest---debugmain---StressTest---debugmain---StressTest---debugmain---StressTest---debugmain---StressTest---debugmain---StressTest---debugmain---StressTest---debugmain---StressTest---debugmain---StressTest---debugmain---StressTest---debugmain---StressTest---debugmain---StressTest---debugmain---StressTest---debugmain---StressTest---debugmain---StressTest---debugmain---StressTest---debugmain---StressTest---debugmain---StressTest---debugmain---StressTest---debugmain---StressTest---debugmain---StressTest---debugmain---StressTest---debugmain---StressTest---debugmain---StressTest---debugmain---StressTest---debugmain---StressTest---debugmain---StressTest---debugmain---StressTest---debug]]></system-out>
  </testcase>
  <testcase name="fileAppenderTest[1]" classname="StressTest" time="0.013"/>
  <testcase name="patternLayoutTest[1]" classname="StressTest" time="0.0"/>
  <testcase name="beforeMaxSizeTest[1]" classname="StressTest" time="0.0"/>
  <testcase name="velocityLayoutTest[1]" classname="StressTest" time="0.0"/>
  <testcase name="memAppenderWithLinkedListTest[1]" classname="StressTest" time="0.001"/>
  <testcase name="afterMaxSizeTest[1]" classname="StressTest" time="0.001"/>
  <testcase name="parameterizedTest[1]" classname="StressTest" time="0.015">
    <system-out><![CDATA[main---StressTest---debugmain---StressTest---debugmain---StressTest---debugmain---StressTest---debugmain---StressTest---debugmain---StressTest---debugmain---StressTest---debugmain---StressTest---debugmain---StressTest---debugmain---StressTest---debugmain---StressTest---debugmain---StressTest---debugmain---StressTest---debugmain---StressTest---debugmain---StressTest---debugmain---StressTest---debugmain---StressTest---debugmain---StressTest---debugmain---StressTest---debugmain---StressTest---debugmain---StressTest---debugmain---StressTest---debugmain---StressTest---debugmain---StressTest---debugmain---StressTest---debugmain---StressTest---debugmain---StressTest---debugmain---StressTest---debugmain---StressTest---debugmain---StressTest---debugmain---StressTest---debugmain---StressTest---debugmain---StressTest---debugmain---StressTest---debugmain---StressTest---debugmain---StressTest---debugmain---StressTest---debugmain---StressTest---debugmain---StressTest---debugmain---StressTest---debugmain---StressTest---debugmain---StressTest---debugmain---StressTest---debugmain---StressTest---debugmain---StressTest---debugmain---StressTest---debugmain---StressTest---debugmain---StressTest---debugmain---StressTest---debugmain---StressTest---debugmain---StressTest---debugmain---StressTest---debugmain---StressTest---debugmain---StressTest---debugmain---StressTest---debugmain---StressTest---debugmain---StressTest---debugmain---StressTest---debugmain---StressTest---debugmain---StressTest---debugmain---StressTest---debugmain---StressTest---debugmain---StressTest---debugmain---StressTest---debugmain---StressTest---debugmain---StressTest---debugmain---StressTest---debugmain---StressTest---debugmain---StressTest---debugmain---StressTest---debugmain---StressTest---debugmain---StressTest---debugmain---StressTest---debugmain---StressTest---debugmain---StressTest---debugmain---StressTest---debugmain---StressTest---debugmain---StressTest---debugmain---StressTest---debugmain---StressTest---debugmain---StressTest---debugmain---StressTest---debugmain---StressTest---debugmain---StressTest---debugmain---StressTest---debugmain---StressTest---debugmain---StressTest---debugmain---StressTest---debugmain---StressTest---debugmain---StressTest---debugmain---StressTest---debugmain---StressTest---debugmain---StressTest---debugmain---StressTest---debugmain---StressTest---debugmain---StressTest---debugmain---StressTest---debugmain---StressTest---debugmain---StressTest---debugmain---StressTest---debugmain---StressTest---debugmain---StressTest---debugmain---StressTest---debugmain---StressTest---debugmain---StressTest---debugmain---StressTest---debugmain---StressTest---debugmain---StressTest---debugmain---StressTest---debugmain---StressTest---debugmain---StressTest---debugmain---StressTest---debugmain---StressTest---debugmain---StressTest---debugmain---StressTest---debugmain---StressTest---debugmain---StressTest---debugmain---StressTest---debugmain---StressTest---debugmain---StressTest---debugmain---StressTest---debugmain---StressTest---debugmain---StressTest---debugmain---StressTest---debugmain---StressTest---debugmain---StressTest---debugmain---StressTest---debugmain---StressTest---debugmain---StressTest---debugmain---StressTest---debugmain---StressTest---debugmain---StressTest---debugmain---StressTest---debugmain---StressTest---debugmain---StressTest---debugmain---StressTest---debugmain---StressTest---debugmain---StressTest---debugmain---StressTest---debugmain---StressTest---debugmain---StressTest---debugmain---StressTest---debugmain---StressTest---debugmain---StressTest---debugmain---StressTest---debugmain---StressTest---debugmain---StressTest---debugmain---StressTest---debugmain---StressTest---debugmain---StressTest---debugmain---StressTest---debugmain---StressTest---debugmain---StressTest---debugmain---StressTest---debugmain---StressTest---debugmain---StressTest---debugmain---StressTest---debugmain---StressTest---debugmain---StressTest---debugmain---StressTest---debugmain---StressTest---debugmain---StressTest---debugmain---StressTest---debugmain---StressTest---debugmain---StressTest---debugmain---StressTest---debugmain---StressTest---debugmain---StressTest---debugmain---StressTest---debugmain---StressTest---debugmain---StressTest---debugmain---StressTest---debugmain---StressTest---debugmain---StressTest---debugmain---StressTest---debugmain---StressTest---debugmain---StressTest---debugmain---StressTest---debugmain---StressTest---debugmain---StressTest---debugmain---StressTest---debugmain---StressTest---debugmain---StressTest---debugmain---StressTest---debugmain---StressTest---debugmain---StressTest---debugmain---StressTest---debugmain---StressTest---debugmain---StressTest---debugmain---StressTest---debugmain---StressTest---debugmain---StressTest---debugmain---StressTest---debugmain---StressTest---debugmain---StressTest---debugmain---StressTest---debugmain---StressTest---debugmain---StressTest---debugmain---StressTest---debugmain---StressTest---debugmain---StressTest---debugmain---StressTest---debugmain---StressTest---debugmain---StressTest---debugmain---StressTest---debugmain---StressTest---debugmain---StressTest---debugmain---StressTest---debugmain---StressTest---debugmain---StressTest---debugmain---StressTest---debugmain---StressTest---debugmain---StressTest---debugmain---StressTest---debugmain---StressTest---debugmain---StressTest---debugmain---StressTest---debugmain---StressTest---debugmain---StressTest---debugmain---StressTest---debugmain---StressTest---debugmain---StressTest---debugmain---StressTest---debugmain---StressTest---debugmain---StressTest---debugmain---StressTest---debugmain---StressTest---debugmain---StressTest---debugmain---StressTest---debugmain---StressTest---debugmain---StressTest---debugmain---StressTest---debugmain---StressTest---debugmain---StressTest---debugmain---StressTest---debugmain---StressTest---debugmain---StressTest---debugmain---StressTest---debugmain---StressTest---debugmain---StressTest---debugmain---StressTest---debugmain---StressTest---debugmain---StressTest---debugmain---StressTest---debugmain---StressTest---debugmain---StressTest---debugmain---StressTest---debugmain---StressTest---debugmain---StressTest---debugmain---StressTest---debugmain---StressTest---debugmain---StressTest---debugmain---StressTest---debugmain---StressTest---debugmain---StressTest---debugmain---StressTest---debugmain---StressTest---debugmain---StressTest---debugmain---StressTest---debugmain---StressTest---debugmain---StressTest---debugmain---StressTest---debugmain---StressTest---debugmain---StressTest---debugmain---StressTest---debugmain---StressTest---debugmain---StressTest---debugmain---StressTest---debugmain---StressTest---debugmain---StressTest---debugmain---StressTest---debugmain---StressTest---debugmain---StressTest---debugmain---StressTest---debugmain---StressTest---debugmain---StressTest---debugmain---StressTest---debugmain---StressTest---debugmain---StressTest---debugmain---StressTest---debugmain---StressTest---debugmain---StressTest---debugmain---StressTest---debugmain---StressTest---debugmain---StressTest---debugmain---StressTest---debugmain---StressTest---debugmain---StressTest---debugmain---StressTest---debugmain---StressTest---debugmain---StressTest---debugmain---StressTest---debugmain---StressTest---debugmain---StressTest---debugmain---StressTest---debugmain---StressTest---debugmain---StressTest---debugmain---StressTest---debugmain---StressTest---debugmain---StressTest---debugmain---StressTest---debugmain---StressTest---debugmain---StressTest---debugmain---StressTest---debugmain---StressTest---debugmain---StressTest---debugmain---StressTest---debugmain---StressTest---debugmain---StressTest---debugmain---StressTest---debugmain---StressTest---debugmain---StressTest---debugmain---StressTest---debugmain---StressTest---debugmain---StressTest---debugmain---StressTest---debugmain---StressTest---debugmain---StressTest---debugmain---StressTest---debugmain---StressTest---debugmain---StressTest---debugmain---StressTest---debugmain---StressTest---debugmain---StressTest---debugmain---StressTest---debugmain---StressTest---debugmain---StressTest---debugmain---StressTest---debugmain---StressTest---debugmain---StressTest---debugmain---StressTest---debugmain---StressTest---debugmain---StressTest---debugmain---StressTest---debugmain---StressTest---debugmain---StressTest---debugmain---StressTest---debugmain---StressTest---debugmain---StressTest---debugmain---StressTest---debugmain---StressTest---debugmain---StressTest---debugmain---StressTest---debugmain---StressTest---debugmain---StressTest---debugmain---StressTest---debugmain---StressTest---debugmain---StressTest---debugmain---StressTest---debugmain---StressTest---debugmain---StressTest---debugmain---StressTest---debugmain---StressTest---debugmain---StressTest---debugmain---StressTest---debugmain---StressTest---debugmain---StressTest---debugmain---StressTest---debugmain---StressTest---debugmain---StressTest---debugmain---StressTest---debugmain---StressTest---debugmain---StressTest---debugmain---StressTest---debugmain---StressTest---debugmain---StressTest---debugmain---StressTest---debugmain---StressTest---debugmain---StressTest---debugmain---StressTest---debugmain---StressTest---debugmain---StressTest---debugmain---StressTest---debugmain---StressTest---debugmain---StressTest---debugmain---StressTest---debugmain---StressTest---debugmain---StressTest---debugmain---StressTest---debugmain---StressTest---debugmain---StressTest---debugmain---StressTest---debugmain---StressTest---debugmain---StressTest---debugmain---StressTest---debugmain---StressTest---debugmain---StressTest---debugmain---StressTest---debugmain---StressTest---debugmain---StressTest---debugmain---StressTest---debugmain---StressTest---debugmain---StressTest---debugmain---StressTest---debugmain---StressTest---debugmain---StressTest---debugmain---StressTest---debugmain---StressTest---debugmain---StressTest---debugmain---StressTest---debugmain---StressTest---debugmain---StressTest---debugmain---StressTest---debugmain---StressTest---debugmain---StressTest---debugmain---StressTest---debugmain---StressTest---debugmain---StressTest---debugmain---StressTest---debugmain---StressTest---debugmain---StressTest---debugmain---StressTest---debugmain---StressTest---debugmain---StressTest---debugmain---StressTest---debugmain---StressTest---debugmain---StressTest---debugmain---StressTest---debugmain---StressTest---debugmain---StressTest---debugmain---StressTest---debugmain---StressTest---debugmain---StressTest---debugmain---StressTest---debugmain---StressTest---debugmain---StressTest---debugmain---StressTest---debugmain---StressTest---debugmain---StressTest---debugmain---StressTest---debugmain---StressTest---debugmain---StressTest---debugmain---StressTest---debugmain---StressTest---debugmain---StressTest---debugmain---StressTest---debugmain---StressTest---debugmain---StressTest---debugmain---StressTest---debugmain---StressTest---debugmain---StressTest---debugmain---StressTest---debugmain---StressTest---debugmain---StressTest---debugmain---StressTest---debugmain---StressTest---debugmain---StressTest---debugmain---StressTest---debugmain---StressTest---debugmain---StressTest---debugmain---StressTest---debugmain---StressTest---debugmain---StressTest---debugmain---StressTest---debugmain---StressTest---debugmain---StressTest---debugmain---StressTest---debugmain---StressTest---debugmain---StressTest---debugmain---StressTest---debugmain---StressTest---debugmain---StressTest---debugmain---StressTest---debugmain---StressTest---debugmain---StressTest---debugmain---StressTest---debugmain---StressTest---debugmain---StressTest---debugmain---StressTest---debugmain---StressTest---debugmain---StressTest---debugmain---StressTest---debugmain---StressTest---debugmain---StressTest---debugmain---StressTest---debugmain---StressTest---debugmain---StressTest---debugmain---StressTest---debugmain---StressTest---debugmain---StressTest---debugmain---StressTest---debugmain---StressTest---debugmain---StressTest---debugmain---StressTest---debugmain---StressTest---debugmain---StressTest---debugmain---StressTest---debugmain---StressTest---debugmain---StressTest---debugmain---StressTest---debugmain---StressTest---debugmain---StressTest---debugmain---StressTest---debugmain---StressTest---debugmain---StressTest---debugmain---StressTest---debugmain---StressTest---debugmain---StressTest---debugmain---StressTest---debugmain---StressTest---debugmain---StressTest---debugmain---StressTest---debugmain---StressTest---debugmain---StressTest---debugmain---StressTest---debugmain---StressTest---debugmain---StressTest---debugmain---StressTest---debugmain---StressTest---debugmain---StressTest---debugmain---StressTest---debugmain---StressTest---debugmain---StressTest---debugmain---StressTest---debugmain---StressTest---debugmain---StressTest---debugmain---StressTest---debugmain---StressTest---debugmain---StressTest---debugmain---StressTest---debugmain---StressTest---debugmain---StressTest---debugmain---StressTest---debugmain---StressTest---debugmain---StressTest---debugmain---StressTest---debugmain---StressTest---debugmain---StressTest---debugmain---StressTest---debugmain---StressTest---debugmain---StressTest---debugmain---StressTest---debugmain---StressTest---debugmain---StressTest---debugmain---StressTest---debugmain---StressTest---debugmain---StressTest---debugmain---StressTest---debugmain---StressTest---debugmain---StressTest---debugmain---StressTest---debugmain---StressTest---debugmain---StressTest---debugmain---StressTest---debugmain---StressTest---debugmain---StressTest---debugmain---StressTest---debugmain---StressTest---debugmain---StressTest---debugmain---StressTest---debugmain---StressTest---debugmain---StressTest---debugmain---StressTest---debugmain---StressTest---debugmain---StressTest---debugmain---StressTest---debugmain---StressTest---debugmain---StressTest---debugmain---StressTest---debugmain---StressTest---debugmain---StressTest---debugmain---StressTest---debugmain---StressTest---debugmain---StressTest---debugmain---StressTest---debugmain---StressTest---debugmain---StressTest---debugmain---StressTest---debugmain---StressTest---debugmain---StressTest---debugmain---StressTest---debugmain---StressTest---debugmain---StressTest---debugmain---StressTest---debugmain---StressTest---debugmain---StressTest---debugmain---StressTest---debugmain---StressTest---debugmain---StressTest---debugmain---StressTest---debugmain---StressTest---debugmain---StressTest---debugmain---StressTest---debugmain---StressTest---debugmain---StressTest---debugmain---StressTest---debugmain---StressTest---debugmain---StressTest---debugmain---StressTest---debugmain---StressTest---debugmain---StressTest---debugmain---StressTest---debugmain---StressTest---debugmain---StressTest---debugmain---StressTest---debugmain---StressTest---debugmain---StressTest---debugmain---StressTest---debugmain---StressTest---debugmain---StressTest---debugmain---StressTest---debugmain---StressTest---debugmain---StressTest---debugmain---StressTest---debugmain---StressTest---debugmain---StressTest---debugmain---StressTest---debugmain---StressTest---debugmain---StressTest---debugmain---StressTest---debugmain---StressTest---debugmain---StressTest---debugmain---StressTest---debugmain---StressTest---debugmain---StressTest---debugmain---StressTest---debugmain---StressTest---debugmain---StressTest---debugmain---StressTest---debugmain---StressTest---debugmain---StressTest---debugmain---StressTest---debugmain---StressTest---debugmain---StressTest---debugmain---StressTest---debugmain---StressTest---debugmain---StressTest---debugmain---StressTest---debugmain---StressTest---debugmain---StressTest---debugmain---StressTest---debugmain---StressTest---debugmain---StressTest---debugmain---StressTest---debugmain---StressTest---debugmain---StressTest---debugmain---StressTest---debugmain---StressTest---debugmain---StressTest---debugmain---StressTest---debugmain---StressTest---debugmain---StressTest---debugmain---StressTest---debugmain---StressTest---debugmain---StressTest---debugmain---StressTest---debugmain---StressTest---debugmain---StressTest---debugmain---StressTest---debugmain---StressTest---debugmain---StressTest---debugmain---StressTest---debugmain---StressTest---debugmain---StressTest---debugmain---StressTest---debugmain---StressTest---debugmain---StressTest---debugmain---StressTest---debugmain---StressTest---debugmain---StressTest---debugmain---StressTest---debugmain---StressTest---debugmain---StressTest---debugmain---StressTest---debugmain---StressTest---debugmain---StressTest---debugmain---StressTest---debugmain---StressTest---debugmain---StressTest---debugmain---StressTest---debugmain---StressTest---debugmain---StressTest---debugmain---StressTest---debugmain---StressTest---debugmain---StressTest---debugmain---StressTest---debugmain---StressTest---debugmain---StressTest---debugmain---StressTest---debugmain---StressTest---debugmain---StressTest---debugmain---StressTest---debugmain---StressTest---debugmain---StressTest---debugmain---StressTest---debugmain---StressTest---debugmain---StressTest---debugmain---StressTest---debugmain---StressTest---debugmain---StressTest---debugmain---StressTest---debugmain---StressTest---debugmain---StressTest---debugmain---StressTest---debugmain---StressTest---debugmain---StressTest---debugmain---StressTest---debugmain---StressTest---debugmain---StressTest---debugmain---StressTest---debugmain---StressTest---debugmain---StressTest---debugmain---StressTest---debugmain---StressTest---debugmain---StressTest---debugmain---StressTest---debugmain---StressTest---debugmain---StressTest---debugmain---StressTest---debugmain---StressTest---debugmain---StressTest---debugmain---StressTest---debugmain---StressTest---debugmain---StressTest---debugmain---StressTest---debugmain---StressTest---debugmain---StressTest---debugmain---StressTest---debugmain---StressTest---debugmain---StressTest---debugmain---StressTest---debugmain---StressTest---debugmain---StressTest---debugmain---StressTest---debugmain---StressTest---debugmain---StressTest---debugmain---StressTest---debugmain---StressTest---debugmain---StressTest---debugmain---StressTest---debugmain---StressTest---debugmain---StressTest---debugmain---StressTest---debugmain---StressTest---debugmain---StressTest---debugmain---StressTest---debugmain---StressTest---debugmain---StressTest---debugmain---StressTest---debugmain---StressTest---debugmain---StressTest---debugmain---StressTest---debugmain---StressTest---debugmain---StressTest---debugmain---StressTest---debugmain---StressTest---debugmain---StressTest---debugmain---StressTest---debugmain---StressTest---debugmain---StressTest---debugmain---StressTest---debugmain---StressTest---debugmain---StressTest---debugmain---StressTest---debugmain---StressTest---debugmain---StressTest---debugmain---StressTest---debugmain---StressTest---debugmain---StressTest---debugmain---StressTest---debugmain---StressTest---debugmain---StressTest---debugmain---StressTest---debugmain---StressTest---debugmain---StressTest---debugmain---StressTest---debugmain---StressTest---debugmain---StressTest---debugmain---StressTest---debugmain---StressTest---debugmain---StressTest---debugmain---StressTest---debugmain---StressTest---debugmain---StressTest---debugmain---StressTest---debugmain---StressTest---debugmain---StressTest---debugmain---StressTest---debugmain---StressTest---debugmain---StressTest---debugmain---StressTest---debugmain---StressTest---debugmain---StressTest---debugmain---StressTest---debugmain---StressTest---debugmain---StressTest---debugmain---StressTest---debugmain---StressTest---debugmain---StressTest---debugmain---StressTest---debugmain---StressTest---debugmain---StressTest---debugmain---StressTest---debugmain---StressTest---debugmain---StressTest---debugmain---StressTest---debugmain---StressTest---debugmain---StressTest---debugmain---StressTest---debugmain---StressTest---debugmain---StressTest---debugmain---StressTest---debugmain---StressTest---debugmain---StressTest---debugmain---StressTest---debugmain---StressTest---debugmain---StressTest---debugmain---StressTest---debugmain---StressTest---debugmain---StressTest---debugmain---StressTest---debugmain---StressTest---debugmain---StressTest---debugmain---StressTest---debugmain---StressTest---debugmain---StressTest---debugmain---StressTest---debugmain---StressTest---debugmain---StressTest---debugmain---StressTest---debugmain---StressTest---debugmain---StressTest---debugmain---StressTest---debugmain---StressTest---debugmain---StressTest---debugmain---StressTest---debugmain---StressTest---debugmain---StressTest---debugmain---StressTest---debugmain---StressTest---debugmain---StressTest---debugmain---StressTest---debugmain---StressTest---debugmain---StressTest---debugmain---StressTest---debugmain---StressTest---debugmain---StressTest---debugmain---StressTest---debugmain---StressTest---debugmain---StressTest---debugmain---StressTest---debugmain---StressTest---debugmain---StressTest---debugmain---StressTest---debugmain---StressTest---debugmain---StressTest---debugmain---StressTest---debugmain---StressTest---debugmain---StressTest---debugmain---StressTest---debugmain---StressTest---debugmain---StressTest---debugmain---StressTest---debugmain---StressTest---debugmain---StressTest---debugmain---StressTest---debugmain---StressTest---debugmain---StressTest---debugmain---StressTest---debugmain---StressTest---debugmain---StressTest---debugmain---StressTest---debugmain---StressTest---debugmain---StressTest---debugmain---StressTest---debugmain---StressTest---debugmain---StressTest---debugmain---StressTest---debugmain---StressTest---debugmain---StressTest---debugmain---StressTest---debugmain---StressTest---debugmain---StressTest---debugmain---StressTest---debugmain---StressTest---debugmain---StressTest---debugmain---StressTest---debugmain---StressTest---debugmain---StressTest---debugmain---StressTest---debugmain---StressTest---debugmain---StressTest---debugmain---StressTest---debugmain---StressTest---debugmain---StressTest---debugmain---StressTest---debugmain---StressTest---debugmain---StressTest---debugmain---StressTest---debugmain---StressTest---debugmain---StressTest---debugmain---StressTest---debugmain---StressTest---debugmain---StressTest---debugmain---StressTest---debugmain---StressTest---debugmain---StressTest---debugmain---StressTest---debugmain---StressTest---debugmain---StressTest---debugmain---StressTest---debugmain---StressTest---debugmain---StressTest---debugmain---StressTest---debugmain---StressTest---debugmain---StressTest---debugmain---StressTest---debugmain---StressTest---debugmain---StressTest---debugmain---StressTest---debugmain---StressTest---debugmain---StressTest---debugmain---StressTest---debugmain---StressTest---debugmain---StressTest---debugmain---StressTest---debugmain---StressTest---debugmain---StressTest---debugmain---StressTest---debugmain---StressTest---debugmain---StressTest---debugmain---StressTest---debugmain---StressTest---debugmain---StressTest---debugmain---StressTest---debugmain---StressTest---debugmain---StressTest---debugmain---StressTest---debugmain---StressTest---debugmain---StressTest---debugmain---StressTest---debugmain---StressTest---debugmain---StressTest---debugmain---StressTest---debugmain---StressTest---debugmain---StressTest---debugmain---StressTest---debugmain---StressTest---debugmain---StressTest---debugmain---StressTest---debugmain---StressTest---debugmain---StressTest---debugmain---StressTest---debugmain---StressTest---debugmain---StressTest---debugmain---StressTest---debugmain---StressTest---debugmain---StressTest---debugmain---StressTest---debugmain---StressTest---debugmain---StressTest---debugmain---StressTest---debugmain---StressTest---debugmain---StressTest---debugmain---StressTest---debugmain---StressTest---debugmain---StressTest---debugmain---StressTest---debugmain---StressTest---debugmain---StressTest---debugmain---StressTest---debugmain---StressTest---debugmain---StressTest---debugmain---StressTest---debugmain---StressTest---debugmain---StressTest---debugmain---StressTest---debugmain---StressTest---debugmain---StressTest---debugmain---StressTest---debugmain---StressTest---debugmain---StressTest---debugmain---StressTest---debugmain---StressTest---debugmain---StressTest---debugmain---StressTest---debugmain---StressTest---debugmain---StressTest---debugmain---StressTest---debugmain---StressTest---debugmain---StressTest---debugmain---StressTest---debugmain---StressTest---debugmain---StressTest---debugmain---StressTest---debugmain---StressTest---debugmain---StressTest---debugmain---StressTest---debugmain---StressTest---debugmain---StressTest---debugmain---StressTest---debugmain---StressTest---debugmain---StressTest---debugmain---StressTest---debugmain---StressTest---debugmain---StressTest---debugmain---StressTest---debugmain---StressTest---debugmain---StressTest---debugmain---StressTest---debug]]></system-out>
  </testcase>
  <testcase name="memAppenderWithArrayListTest[2]" classname="StressTest" time="0.002"/>
  <testcase name="consoleAppenderTest[2]" classname="StressTest" time="0.004">
    <system-out><![CDATA[main---StressTest---debugmain---StressTest---debugmain---StressTest---debugmain---StressTest---debugmain---StressTest---debugmain---StressTest---debugmain---StressTest---debugmain---StressTest---debugmain---StressTest---debugmain---StressTest---debugmain---StressTest---debugmain---StressTest---debugmain---StressTest---debugmain---StressTest---debugmain---StressTest---debugmain---StressTest---debugmain---StressTest---debugmain---StressTest---debugmain---StressTest---debugmain---StressTest---debugmain---StressTest---debugmain---StressTest---debugmain---StressTest---debugmain---StressTest---debugmain---StressTest---debugmain---StressTest---debugmain---StressTest---debugmain---StressTest---debugmain---StressTest---debugmain---StressTest---debugmain---StressTest---debugmain---StressTest---debugmain---StressTest---debugmain---StressTest---debugmain---StressTest---debugmain---StressTest---debugmain---StressTest---debugmain---StressTest---debugmain---StressTest---debugmain---StressTest---debugmain---StressTest---debugmain---StressTest---debugmain---StressTest---debugmain---StressTest---debugmain---StressTest---debugmain---StressTest---debugmain---StressTest---debugmain---StressTest---debugmain---StressTest---debugmain---StressTest---debugmain---StressTest---debugmain---StressTest---debugmain---StressTest---debugmain---StressTest---debugmain---StressTest---debugmain---StressTest---debugmain---StressTest---debugmain---StressTest---debugmain---StressTest---debugmain---StressTest---debugmain---StressTest---debugmain---StressTest---debugmain---StressTest---debugmain---StressTest---debugmain---StressTest---debugmain---StressTest---debugmain---StressTest---debugmain---StressTest---debugmain---StressTest---debugmain---StressTest---debugmain---StressTest---debugmain---StressTest---debugmain---StressTest---debugmain---StressTest---debugmain---StressTest---debugmain---StressTest---debugmain---StressTest---debugmain---StressTest---debugmain---StressTest---debugmain---StressTest---debugmain---StressTest---debugmain---StressTest---debugmain---StressTest---debugmain---StressTest---debugmain---StressTest---debugmain---StressTest---debugmain---StressTest---debugmain---StressTest---debugmain---StressTest---debugmain---StressTest---debugmain---StressTest---debugmain---StressTest---debugmain---StressTest---debugmain---StressTest---debugmain---StressTest---debugmain---StressTest---debugmain---StressTest---debugmain---StressTest---debugmain---StressTest---debugmain---StressTest---debugmain---StressTest---debugmain---StressTest---debugmain---StressTest---debugmain---StressTest---debugmain---StressTest---debugmain---StressTest---debugmain---StressTest---debugmain---StressTest---debugmain---StressTest---debugmain---StressTest---debugmain---StressTest---debugmain---StressTest---debugmain---StressTest---debugmain---StressTest-
[...]
ugmain---StressTest---debugmain---StressTest---debugmain---StressTest---debugmain---StressTest---debugmain---StressTest---debugmain---StressTest---debugmain---StressTest---debugmain---StressTest---debugmain---StressTest---debugmain---StressTest---debugmain---StressTest---debugmain---StressTest---debugmain---StressTest---debugmain---StressTest---debugmain---StressTest---debugmain---StressTest---debugmain---StressTest---debugmain---StressTest---debugmain---StressTest---debugmain---StressTest---debugmain---StressTest---debugmain---StressTest---debugmain---StressTest---debugmain---StressTest---debugmain---StressTest---debugmain---StressTest---debugmain---StressTest---debugmain---StressTest---debugmain---StressTest---debugmain---StressTest---debugmain---StressTest---debugmain---StressTest---debugmain---StressTest---debugmain---StressTest---debugmain---StressTest---debugmain---StressTest---debugmain---StressTest---debugmain---StressTest---debugmain---StressTest---debugmain---StressTest---debugmain---StressTest---debugmain---StressTest---debugmain---StressTest---debugmain---StressTest---debugmain---StressTest---debugmain---StressTest---debugmain---StressTest---debugmain---StressTest---debugmain---StressTest---debugmain---StressTest---debugmain---StressTest---debugmain---StressTest---debugmain---StressTest---debugmain---StressTest---debugmain---StressTest---debugmain---StressTest---debugmain---StressTest---debugmain---StressTest---debugmain---StressTest---debugmain---StressTest---debugmain---StressTest---debugmain---StressTest---debugmain---StressTest---debugmain---StressTest---debugmain---StressTest---debugmain---StressTest---debugmain---StressTest---debugmain---StressTest---debugmain---StressTest---debugmain---StressTest---debugmain---StressTest---debugmain---StressTest---debugmain---StressTest---debugmain---StressTest---debugmain---StressTest---debugmain---StressTest---debugmain---StressTest---debugmain---StressTest---debugmain---StressTest---debugmain---StressTest---debugmain---StressTest---debugmain---StressTest---debugmain---StressTest---debugmain---StressTest---debugmain---StressTest---debugmain---StressTest---debugmain---StressTest---debugmain---StressTest---debugmain---StressTest---debugmain---StressTest---debugmain---StressTest---debugmain---StressTest---debugmain---StressTest---debugmain---StressTest---debugmain---StressTest---debugmain---StressTest---debugmain---StressTest---debugmain---StressTest---debugmain---StressTest---debugmain---StressTest---debugmain---StressTest---debugmain---StressTest---debugmain---StressTest---debugmain---StressTest---debugmain---StressTest---debugmain---StressTest---debugmain---StressTest---debugmain---StressTest---debugmain---StressTest---debugmain---StressTest---debugmain---StressTest---debugmain---StressTest---debugmain---StressTest---debugmain---StressTest---debugmain---StressTest---debugmain---StressTest---debugmain---StressTest---debugmain---StressTest---debugmain---StressTest---debugmain---StressTest---debugmain---StressTest---debugmain---StressTest---debugmain---StressTest---debugmain---StressTest---debugmain---StressTest---debugmain---StressTest---debugmain---StressTest---debugmain---StressTest---debugmain---StressTest---debugmain---StressTest---debugmain---StressTest---debugmain---StressTest---debugmain---StressTest---debugmain---StressTest---debugmain---StressTest---debugmain---StressTest---debugmain---StressTest---debugmain---StressTest---debugmain---StressTest---debugmain---StressTest---debugmain---StressTest---debugmain---StressTest---debugmain---StressTest---debugmain---StressTest---debugmain---StressTest---debugmain---StressTest---debugmain---StressTest---debugmain---StressTest---debugmain---StressTest---debugmain---StressTest---debugmain---StressTest---debugmain---StressTest---debugmain---StressTest---debugmain---StressTest---debugmain---StressTest---debugmain---StressTest---debugmain---StressTest---debugmain---StressTest---debugmain---StressTest---debugmain---StressTest---debugmain---StressTest---debugmain---StressTest---debugmain---StressTest---debugmain---StressTest---debugmain---StressTest---debugmain---StressTest---debugmain---StressTest---debugmain---StressTest---debugmain---StressTest---debugmain---StressTest---debugmain---StressTest---debugmain---StressTest---debugmain---StressTest---debugmain---StressTest---debugmain---StressTest---debugmain---StressTest---debugmain---StressTest---debugmain---StressTest---debugmain---StressTest---debugmain---StressTest---debugmain---StressTest---debugmain---StressTest---debugmain---StressTest---debugmain---StressTest---debugmain---StressTest---debugmain---StressTest---debugmain---StressTest---debugmain---StressTest---debugmain---StressTest---debugmain---StressTest---debugmain---StressTest---debugmain---StressTest---debugmain---StressTest---debugmain---StressTest---debugmain---StressTest---debugmain---StressTest---debugmain---StressTest---debugmain---StressTest---debugmain---StressTest---debugmain---StressTest---debugmain---StressTest---debugmain---StressTest---debugmain---StressTest---debugmain---StressTest---debugmain---StressTest---debugmain---StressTest---debugmain---StressTest---debugmain---StressTest---debugmain---StressTest---debugmain---StressTest---debugmain---StressTest---debugmain---StressTest---debugmain---StressTest---debugmain---StressTest---debugmain---StressTest---debugmain---StressTest---debugmain---StressTest---debugmain---StressTest---debugmain---StressTest---debugmain---StressTest---debugmain---StressTest---debugmain---StressTest---debugmain---StressTest---debugmain---StressTest---debugmain---StressTest---debugmain---StressTest---debugmain---StressTest---debugmain---StressTest---debugmain---StressTest---debugmain---StressTest---debugmain---StressTest---debugmain---StressTest---debugmain---StressTest---debugmain---StressTest---debugmain---StressTest---debugmain---StressTest---debugmain---StressTest---debugmain---StressTest---debugmain---StressTest---debugmain---StressTest---debugmain---StressTest---debugmain---StressTest---debugmain---StressTest---debugmain---StressTest---debugmain---StressTest---debugmain---StressTest---debugmain---StressTest---debugmain---StressTest---debugmain---StressTest---debugmain---StressTest---debugmain---StressTest---debugmain---StressTest---debugmain---StressTest---debugmain---StressTest---debugmain---StressTest---debugmain---StressTest---debugmain---StressTest---debugmain---StressTest---debugmain---StressTest---debugmain---StressTest---debugmain---StressTest---debugmain---StressTest---debugmain---StressTest---debugmain---StressTest---debugmain---StressTest---debugmain---StressTest---debugmain---StressTest---debugmain---StressTest---debugmain---StressTest---debugmain---StressTest---debugmain---StressTest---debugmain---StressTest---debugmain---StressTest---debugmain---StressTest---debugmain---StressTest---debugmain---StressTest---debugmain---StressTest---debugmain---StressTest---debugmain---StressTest---debugmain---StressTest---debugmain---StressTest---debugmain---StressTest---debugmain---StressTest---debugmain---StressTest---debugmain---StressTest---debugmain---StressTest---debugmain---StressTest---debugmain---StressTest---debugmain---StressTest---debugmain---StressTest---debugmain---StressTest---debugmain---StressTest---debugmain---StressTest---debugmain---StressTest---debugmain---StressTest---debugmain---StressTest---debugmain---StressTest---debugmain---StressTest---debugmain---StressTest---debugmain---StressTest---debugmain---StressTest---debugmain---StressTest---debugmain---StressTest---debugmain---StressTest---debugmain---StressTest---debugmain---StressTest---debugmain---StressTest---debugmain---StressTest---debugmain---StressTest---debugmain---StressTest---debugmain---StressTest---debugmain---StressTest---debugmain---StressTest---debugmain---StressTest---debugmain---StressTest---debugmain---StressTest---debugmain---StressTest---debugmain---StressTest---debugmain---StressTest---debugmain---StressTest---debugmain---StressTest---debugmain---StressTest---debugmain---StressTest---debugmain---StressTest---debugmain---StressTest---debugmain---StressTest---debugmain---StressTest---debugmain---StressTest---debugmain---StressTest---debugmain---StressTest---debugmain---StressTest---debugmain---StressTest---debugmain---StressTest---debugmain---StressTest---debugmain---StressTest---debugmain---StressTest---debugmain---StressTest---debugmain---StressTest---debugmain---StressTest---debugmain---StressTest---debugmain---StressTest---debugmain---StressTest---debugmain---StressTest---debugmain---StressTest---debugmain---StressTest---debugmain---StressTest---debugmain---StressTest---debugmain---StressTest---debugmain---StressTest---debugmain---StressTest---debugmain---StressTest---debugmain---StressTest---debugmain---StressTest---debugmain---StressTest---debugmain---StressTest---debugmain---StressTest---debugmain---StressTest---debugmain---StressTest---debugmain---StressTest---debugmain---StressTest---debugmain---StressTest---debugmain---StressTest---debugmain---StressTest---debugmain---StressTest---debugmain---StressTest---debugmain---StressTest---debugmain---StressTest---debugmain---StressTest---debugmain---StressTest---debugmain---StressTest---debugmain---StressTest---debugmain---StressTest---debugmain---StressTest---debugmain---StressTest---debugmain---StressTest---debugmain---StressTest---debugmain---StressTest---debugmain---StressTest---debugmain---StressTest---debugmain---StressTest---debugmain---StressTest---debugmain---StressTest---debugmain---StressTest---debugmain---StressTest---debugmain---StressTest---debugmain---StressTest---debugmain---StressTest---debugmain---StressTest---debugmain---StressTest---debugmain---StressTest---debugmain---StressTest---debugmain---StressTest---debugmain---StressTest---debugmain---StressTest---debugmain---StressTest---debugmain---StressTest---debugmain---StressTest---debugmain---StressTest---debugmain---StressTest---debugmain---StressTest---debugmain---StressTest---debugmain---StressTest---debugmain---StressTest---debugmain---StressTest---debugmain---StressTest---debugmain---StressTest---debugmain---StressTest---debugmain---StressTest---debugmain---StressTest---debugmain---StressTest---debugmain---StressTest---debugmain---StressTest---debugmain---StressTest---debugmain---StressTest---debugmain---StressTest---debugmain---StressTest---debugmain---StressTest---debugmain---StressTest---debugmain---StressTest---debugmain---StressTest---debugmain---StressTest---debugmain---StressTest---debugmain---StressTest---debugmain---StressTest---debugmain---StressTest---debugmain---StressTest---debugmain---StressTest---debugmain---StressTest---debugmain---StressTest---debugmain---StressTest---debugmain---StressTest---debugmain---StressTest---debugmain---StressTest---debugmain---StressTest---debugmain---StressTest---debugmain---StressTest---debugmain---StressTest---debugmain---StressTest---debugmain---StressTest---debugmain---StressTest---debugmain---StressTest---debugmain---StressTest---debugmain---StressTest---debugmain---StressTest---debugmain---StressTest---debugmain---StressTest---debugmain---StressTest---debugmain---StressTest---debugmain---StressTest---debugmain---StressTest---debugmain---StressTest---debugmain---StressTest---debugmain---StressTest---debugmain---StressTest---debugmain---StressTest---debugmain---StressTest---debugmain---StressTest---debugmain---StressTest---debugmain---StressTest---debugmain---StressTest---debugmain---StressTest---debugmain---StressTest---debugmain---StressTest---debugmain---StressTest---debugmain---StressTest---debugmain---StressTest---debugmain---StressTest---debugmain---StressTest---debugmain---StressTest---debugmain---StressTest---debugmain---StressTest---debugmain---StressTest---debugmain---StressTest---debugmain---StressTest---debugmain---StressTest---debugmain---StressTest---debugmain---StressTest---debugmain---StressTest---debugmain---StressTest---debugmain---StressTest---debugmain---StressTest---debugmain---StressTest---debugmain---StressTest---debugmain---StressTest---debugmain---StressTest---debugmain---StressTest---debugmain---StressTest---debugmain---StressTest---debugmain---StressTest---debugmain---StressTest---debugmain---StressTest---debugmain---StressTest---debugmain---StressTest---debugmain---StressTest---debugmain---StressTest---debugmain---StressTest---debugmain---StressTest---debugmain---StressTest---debugmain---StressTest---debugmain---StressTest---debugmain---StressTest---debugmain---StressTest---debugmain---StressTest---debugmain---StressTest---debugmain---StressTest---debugmain---StressTest---debugmain---StressTest---debugmain---StressTest---debugmain---StressTest---debugmain---StressTest---debugmain---StressTest---debugmain---StressTest---debugmain---StressTest---debugmain---StressTest---debugmain---StressTest---debugmain---StressTest---debugmain---StressTest---debugmain---StressTest---debugmain---StressTest---debugmain---StressTest---debugmain---StressTest---debugmain---StressTest---debugmain---StressTest---debugmain---StressTest---debugmain---StressTest---debugmain---StressTest---debugmain---StressTest---debugmain---StressTest---debugmain---StressTest---debugmain---StressTest---debugmain---StressTest---debugmain---StressTest---debugmain---StressTest---debugmain---StressTest---debugmain---StressTest---debugmain---StressTest---debugmain---StressTest---debugmain---StressTest---debugmain---StressTest---debugmain---StressTest---debugmain---StressTest---debugmain---StressTest---debugmain---StressTest---debugmain---StressTest---debugmain---StressTest---debugmain---StressTest---debugmain---StressTest---debugmain---StressTest---debugmain---StressTest---debugmain---StressTest---debugmain---StressTest---debugmain---StressTest---debugmain---StressTest---debugmain---StressTest---debugmain---StressTest---debugmain---StressTest---debugmain---StressTest---debugmain---StressTest---debugmain---StressTest---debugmain---StressTest---debugmain---StressTest---debugmain---StressTest---debugmain---StressTest---debugmain---StressTest---debugmain---StressTest---debugmain---StressTest---debugmain---StressTest---debugmain---StressTest---debugmain---StressTest---debugmain---StressTest---debugmain---StressTest---debugmain---StressTest---debugmain---StressTest---debugmain---StressTest---debugmain---StressTest---debugmain---StressTest---debugmain---StressTest---debugmain---StressTest---debugmain---StressTest---debugmain---StressTest---debugmain---StressTest---debugmain---StressTest---debugmain---StressTest---debugmain---StressTest---debugmain---StressTest---debugmain---StressTest---debugmain---StressTest---debugmain---StressTest---debugmain---StressTest---debugmain---StressTest---debugmain---StressTest---debugmain---StressTest---debugmain---StressTest---debugmain---StressTest---debugmain---StressTest---debugmain---StressTest---debugmain---StressTest---debugmain---StressTest---debugmain---StressTest---debugmain---StressTest---debugmain---StressTest---debugmain---StressTest---debugmain---StressTest---debugmain---StressTest---debugmain---StressTest---debugmain---StressTest---debugmain---StressTest---debugmain---StressTest---debugmain---StressTest---debugmain---StressTest---debugmain---StressTest---debugmain---StressTest---debugmain---StressTest---debugmain---StressTest---debugmain---StressTest---debugmain---StressTest---debugmain---StressTest---debugmain---StressTest---debugmain---StressTest---debugmain---StressTest---debugmain---StressTest---debugmain---StressTest---debugmain---StressTest---debugmain---StressTest---debugmain---StressTest---debugmain---StressTest---debugmain---StressTest---debugmain---StressTest---debugmain---StressTest---debugmain---StressTest---debugmain---StressTest---debugmain---StressTest---debugmain---StressTest---debugmain---StressTest---debugmain---StressTest---debugmain---StressTest---debugmain---StressTest---debugmain---StressTest---debugmain---StressTest---debugmain---StressTest---debugmain---StressTest---debugmain---StressTest---debugmain---StressTest---debugmain---StressTest---debugmain---StressTest---debugmain---StressTest---debugmain---StressTest---debugmain---StressTest---debugmain---StressTest---debugmain---StressTest---debugmain---StressTest---debugmain---StressTest---debugmain---StressTest---debugmain---StressTest---debugmain---StressTest---debugmain---StressTest---debugmain---StressTest---debugmain---StressTest---debugmain---StressTest---debugmain---StressTest---debugmain---StressTest---debugmain---StressTest---debugmain---StressTest---debugmain---StressTest---debugmain---StressTest---debugmain---StressTest---debugmain---StressTest---debugmain---StressTest---debugmain---StressTest---debugmain---StressTest---debugmain---StressTest---debugmain---StressTest---debugmain---StressTest---debugmain---StressTest---debugmain---StressTest---debugmain---StressTest---debugmain---StressTest---debugmain---StressTest---debugmain---StressTest---debugmain---StressTest---debugmain---StressTest---debugmain---StressTest---debugmain---StressTest---debugmain---StressTest---debugmain---StressTest---debugmain---StressTest---debugmain---StressTest---debugmain---StressTest---debugmain---StressTest---debugmain---StressTest---debugmain---StressTest---debugmain---StressTest---debugmain---StressTest---debugmain---StressTest---debugmain---StressTest---debugmain---StressTest---debugmain---StressTest---debugmain---StressTest---debugmain---StressTest---debugmain---StressTest---debugmain---StressTest---debugmain---StressTest---debugmain---StressTest---debugmain---StressTest---debugmain---StressTest---debugmain---StressTest---debugmain---StressTest---debugmain---StressTest---debugmain---StressTest---debugmain---StressTest---debugmain---StressTest---debugmain---StressTest---debugmain---StressTest---debugmain---StressTest---debugmain---StressTest---debugmain---StressTest---debugmain---StressTest---debugmain---StressTest---debugmain---StressTest---debugmain---StressTest---debugmain---StressTest---debugmain---StressTest---debugmain---StressTest---debugmain---StressTest---debugmain---StressTest---debugmain---StressTest---debugmain---StressTest---debugmain---StressTest---debugmain---StressTest---debugmain---StressTest---debugmain---StressTest---debugmain---StressTest---debugmain---StressTest---debugmain---StressTest---debugmain---StressTest---debugmain---StressTest---debugmain---StressTest---debugmain---StressTest---debugmain---StressTest---debugmain---StressTest---debugmain---StressTest---debugmain---StressTest---debugmain---StressTest---debugmain---StressTest---debugmain---StressTest---debugmain---StressTest---debugmain---StressTest---debugmain---StressTest---debugmain---StressTest---debugmain---StressTest---debugmain---StressTest---debugmain---StressTest---debugmain---StressTest---debugmain---StressTest---debugmain---StressTest---debugmain---StressTest---debugmain---StressTest---debugmain---StressTest---debugmain---StressTest---debugmain---StressTest---debugmain---StressTest---debugmain---StressTest---debugmain---StressTest---debugmain---StressTest---debugmain---StressTest---debugmain---StressTest---debugmain---StressTest---debugmain---StressTest---debugmain---StressTest---debugmain---StressTest---debugmain---StressTest---debugmain---StressTest---debugmain---StressTest---debugmain---StressTest---debugmain---StressTest---debugmain---StressTest---debug]]></system-out>
  </testcase>
  <testcase name="fileAppenderTest[3]" classname="StressTest" time="0.009"/>
  <testcase name="patternLayoutTest[3]" classname="StressTest" time="0.001"/>
  <testcase name="beforeMaxSizeTest[3]" classname="StressTest" time="0.001"/>
  <testcase name="velocityLayoutTest[3]" classname="StressTest" time="0.0"/>
  <testcase name="memAppenderWithLinkedListTest[3]" classname="StressTest" time="0.001"/>
  <testcase name="afterMaxSizeTest[3]" classname="StressTest" time="0.001"/>
  <testcase name="parameterizedTest[3]" classname="StressTest" time="0.001"/>
</testsuite>